http: POST /productos
http: POST /sessions/
http: GET /menu
http: GET /socket.io/socket.io.js
http: GET /css/styles.css
http: GET /js/index.js
http: GET /js/logout.js
http: GET /socket.io/socket.io.js
http: POST /sessions/logout
http: GET /
http: GET /
http: GET /css/
http: GET /js/login.js
http: GET /css/
http: GET /
http: GET /css/
http: GET /js/login.js
http: GET /css/
http: POST /sessions/
http: GET /menu
http: GET /css/styles.css
http: GET /socket.io/socket.io.js
http: GET /js/logout.js
http: GET /js/index.js
http: GET /socket.io/socket.io.js
http: GET /home
http: GET /css/
http: GET /socket.io/socket.io.js
http: GET /js/index.js
http: GET /css/
http: GET /socket.io/socket.io.js
http: GET /realTimeProducts
http: GET /css/
http: GET /js/products.js
http: GET /css/
http: GET /carritohandlebars
http: GET /carritohandlebars
http: GET /sessions/githubcallback
